[35m[1mConsolidate compiler generated dependencies of target coords_pubsub[0m
[ 50%] [32mBuilding CXX object CMakeFiles/coords_pubsub.dir/src/coords_pubsub.cpp.o[0m
[01m[K/home/jblevins32/IRR5/src/coords_pubsub/src/coords_pubsub.cpp:5:17:[m[K [01;31m[Kerror: [m[Kâ€˜[01m[Kchrono_literals[m[Kâ€™ is not a namespace-name
    5 | using namespace [01;31m[Kchrono_literals[m[K;
      |                 [01;31m[K^~~~~~~~~~~~~~~[m[K
gmake[2]: *** [CMakeFiles/coords_pubsub.dir/build.make:76: CMakeFiles/coords_pubsub.dir/src/coords_pubsub.cpp.o] Error 1
gmake[1]: *** [CMakeFiles/Makefile2:137: CMakeFiles/coords_pubsub.dir/all] Error 2
gmake: *** [Makefile:146: all] Error 2
