[0.009s] Invoking command in '/home/jblevins32/IRR5/build/coords_pubsub': CMAKE_PREFIX_PATH=${CMAKE_PREFIX_PATH}:/opt/ros/humble DEBUGINFOD_URLS=https://debuginfod.ubuntu.com /usr/bin/cmake --build /home/jblevins32/IRR5/build/coords_pubsub -- -j28 -l28
[0.057s] [35m[1mConsolidate compiler generated dependencies of target coords_pubsub[0m
[0.076s] [ 50%] [32mBuilding CXX object CMakeFiles/coords_pubsub.dir/src/coords_pubsub.cpp.o[0m
[1.473s] [01m[K/home/jblevins32/IRR5/src/coords_pubsub/src/coords_pubsub.cpp:5:17:[m[K [01;31m[Kerror: [m[Kâ€˜[01m[Kchrono_literals[m[Kâ€™ is not a namespace-name
[1.473s]     5 | using namespace [01;31m[Kchrono_literals[m[K;
[1.473s]       |                 [01;31m[K^~~~~~~~~~~~~~~[m[K
[2.998s] gmake[2]: *** [CMakeFiles/coords_pubsub.dir/build.make:76: CMakeFiles/coords_pubsub.dir/src/coords_pubsub.cpp.o] Error 1
[2.999s] gmake[1]: *** [CMakeFiles/Makefile2:137: CMakeFiles/coords_pubsub.dir/all] Error 2
[2.999s] gmake: *** [Makefile:146: all] Error 2
[3.001s] Invoked command in '/home/jblevins32/IRR5/build/coords_pubsub' returned '2': CMAKE_PREFIX_PATH=${CMAKE_PREFIX_PATH}:/opt/ros/humble DEBUGINFOD_URLS=https://debuginfod.ubuntu.com /usr/bin/cmake --build /home/jblevins32/IRR5/build/coords_pubsub -- -j28 -l28
