[ 50%] [32mBuilding CXX object CMakeFiles/coords_pubsub.dir/src/coords_pubsub.cpp.o[0m
[01m[K/home/jblevins32/IRR5/src/coords_pubsub/src/coords_pubsub.cpp:5:17:[m[K [01;31m[Kerror: [m[Kâ€˜[01m[Kchrono_literals[m[Kâ€™ is not a namespace-name
    5 | using namespace [01;31m[Kchrono_literals[m[K;
      |                 [01;31m[K^~~~~~~~~~~~~~~[m[K
[01m[K/home/jblevins32/IRR5/src/coords_pubsub/src/coords_pubsub.cpp:[m[K In constructor â€˜[01m[KCoordsPubSub::CoordsPubSub()[m[Kâ€™:
[01m[K/home/jblevins32/IRR5/src/coords_pubsub/src/coords_pubsub.cpp:19:41:[m[K [01;31m[Kerror: [m[Kunable to find numeric literal operator â€˜[01m[Koperator""s[m[Kâ€™
   19 |        timer_ = this->create_wall_timer([01;31m[K1s[m[K, std::bind(&CoordsPubSub::timer_callback, this));
      |                                         [01;31m[K^~[m[K
[01m[K/home/jblevins32/IRR5/src/coords_pubsub/src/coords_pubsub.cpp:19:70:[m[K [01;31m[Kerror: [m[Kâ€˜[01m[Ktimer_callback[m[Kâ€™ is not a member of â€˜[01m[KCoordsPubSub[m[Kâ€™
   19 |       timer_ = this->create_wall_timer(1s, std::bind(&CoordsPubSub::[01;31m[Ktimer_callback[m[K, this));
      |                                                                     [01;31m[K^~~~~~~~~~~~~~[m[K

gmake[2]: *** [CMakeFiles/coords_pubsub.dir/build.make:76: CMakeFiles/coords_pubsub.dir/src/coords_pubsub.cpp.o] Error 1
gmake[1]: *** [CMakeFiles/Makefile2:137: CMakeFiles/coords_pubsub.dir/all] Error 2
gmake: *** [Makefile:146: all] Error 2
