[0.009s] Invoking command in '/home/jblevins32/IRR5/build/coords_pubsub': CMAKE_PREFIX_PATH=${CMAKE_PREFIX_PATH}:/home/jblevins32/turtlebot3_ws/install/turtlebot3_teleop:/home/jblevins32/turtlebot3_ws/install/turtlebot3_example:/opt/ros/humble DEBUGINFOD_URLS=https://debuginfod.ubuntu.com /usr/bin/cmake --build /home/jblevins32/IRR5/build/coords_pubsub -- -j28 -l28
[0.033s] -- Found ament_cmake: 1.3.11 (/opt/ros/humble/share/ament_cmake/cmake)
[0.135s] -- Found rclcpp: 16.0.11 (/opt/ros/humble/share/rclcpp/cmake)
[0.157s] -- Found rosidl_generator_c: 3.1.6 (/opt/ros/humble/share/rosidl_generator_c/cmake)
[0.158s] -- Found rosidl_adapter: 3.1.6 (/opt/ros/humble/share/rosidl_adapter/cmake)
[0.162s] -- Found rosidl_generator_cpp: 3.1.6 (/opt/ros/humble/share/rosidl_generator_cpp/cmake)
[0.168s] -- Using all available rosidl_typesupport_c: rosidl_typesupport_fastrtps_c;rosidl_typesupport_introspection_c
[0.177s] -- Using all available rosidl_typesupport_cpp: rosidl_typesupport_fastrtps_cpp;rosidl_typesupport_introspection_cpp
[0.198s] -- Found rmw_implementation_cmake: 6.1.2 (/opt/ros/humble/share/rmw_implementation_cmake/cmake)
[0.199s] -- Found rmw_fastrtps_cpp: 6.2.7 (/opt/ros/humble/share/rmw_fastrtps_cpp/cmake)
[0.289s] -- Using RMW implementation 'rmw_fastrtps_cpp' as default
[0.324s] -- Found geometry_msgs: 4.2.4 (/opt/ros/humble/share/geometry_msgs/cmake)
[0.337s] -- Found nav_msgs: 4.2.4 (/opt/ros/humble/share/nav_msgs/cmake)
[0.349s] -- Found ament_lint_auto: 0.12.11 (/opt/ros/humble/share/ament_lint_auto/cmake)
[0.413s] -- Added test 'cppcheck' to perform static code analysis on C / C++ code
[0.413s] -- Configured cppcheck include dirs: $<BUILD_INTERFACE:/home/jblevins32/IRR5/src/coords_pubsub/include>
[0.413s] -- Configured cppcheck exclude dirs and/or files: 
[0.413s] -- Added test 'lint_cmake' to check CMake code style
[0.414s] -- Added test 'uncrustify' to check C / C++ code style
[0.414s] -- Configured uncrustify additional arguments: 
[0.414s] -- Added test 'xmllint' to check XML markup files
[0.414s] -- Configuring done
[0.420s] -- Generating done
[0.423s] -- Build files have been written to: /home/jblevins32/IRR5/build/coords_pubsub
[0.451s] [35m[1mConsolidate compiler generated dependencies of target coords_pubsub[0m
[0.465s] [ 50%] [32mBuilding CXX object CMakeFiles/coords_pubsub.dir/src/coords_pubsub.cpp.o[0m
[1.984s] [01m[K/home/jblevins32/IRR5/src/coords_pubsub/src/coords_pubsub.cpp:[m[K In member function â€˜[01m[Kvoid CoordsPubSub::coords_callback(const PointStamped&)[m[Kâ€™:
[1.984s] [01m[K/home/jblevins32/IRR5/src/coords_pubsub/src/coords_pubsub.cpp:65:25:[m[K [01;31m[Kerror: [m[Kno match for â€˜[01m[Koperator-[m[Kâ€™ (operand types are â€˜[01m[Knav_msgs::msg::Odometry[m[Kâ€™ {aka â€˜[01m[Knav_msgs::msg::Odometry_<std::allocator<void> >[m[Kâ€™} and â€˜[01m[Kgeometry_msgs::msg::PointStamped[m[Kâ€™ {aka â€˜[01m[Kgeometry_msgs::msg::PointStamped_<std::allocator<void> >[m[Kâ€™})
[1.984s]    65 |         if ([32m[Krecent_odom[m[K [01;31m[K-[m[K [34m[Kcurrent_goal[m[K > goal_threshold)
[1.984s]       |             [32m[K~~~~~~~~~~~[m[K [01;31m[K^[m[K [34m[K~~~~~~~~~~~~[m[K
[1.985s]       |             [32m[K|[m[K             [34m[K|[m[K
[1.985s]       |             [32m[K|[m[K             [34m[Kgeometry_msgs::msg::PointStamped {aka geometry_msgs::msg::PointStamped_<std::allocator<void> >}[m[K
[1.985s]       |             [32m[Knav_msgs::msg::Odometry {aka nav_msgs::msg::Odometry_<std::allocator<void> >}[m[K
[1.985s] In file included from [01m[K/usr/include/c++/11/bits/stl_algobase.h:67[m[K,
[1.985s]                  from [01m[K/usr/include/c++/11/memory:63[m[K,
[1.985s]                  from [01m[K/opt/ros/humble/include/rclcpp/rclcpp/rclcpp.hpp:153[m[K,
[1.985s]                  from [01m[K/home/jblevins32/IRR5/src/coords_pubsub/src/coords_pubsub.cpp:1[m[K:
[1.985s] [01m[K/usr/include/c++/11/bits/stl_iterator.h:577:5:[m[K [01;36m[Knote: [m[Kcandidate: â€˜[01m[Ktemplate<class _IteratorL, class _IteratorR> constexpr decltype ((__y.base() - __x.base())) std::operator-(const std::reverse_iterator<_Iterator>&, const std::reverse_iterator<_IteratorR>&)[m[Kâ€™
[1.985s]   577 |     [01;36m[Koperator[m[K-(const reverse_iterator<_IteratorL>& __x,
[1.985s]       |     [01;36m[K^~~~~~~~[m[K
[1.985s] [01m[K/usr/include/c++/11/bits/stl_iterator.h:577:5:[m[K [01;36m[Knote: [m[K  template argument deduction/substitution failed:
[1.985s] [01m[K/home/jblevins32/IRR5/src/coords_pubsub/src/coords_pubsub.cpp:65:27:[m[K [01;36m[Knote: [m[K  â€˜[01m[Knav_msgs::msg::Odometry[m[Kâ€™ {aka â€˜[01m[Knav_msgs::msg::Odometry_<std::allocator<void> >[m[Kâ€™} is not derived from â€˜[01m[Kconst std::reverse_iterator<_Iterator>[m[Kâ€™
[1.985s]    65 |         if (recent_odom - [01;36m[Kcurrent_goal[m[K > goal_threshold)
[1.985s]       |                           [01;36m[K^~~~~~~~~~~~[m[K
[1.985s] In file included from [01m[K/usr/include/c++/11/bits/stl_algobase.h:67[m[K,
[1.985s]                  from [01m[K/usr/include/c++/11/memory:63[m[K,
[1.986s]                  from [01m[K/opt/ros/humble/include/rclcpp/rclcpp/rclcpp.hpp:153[m[K,
[1.986s]                  from [01m[K/home/jblevins32/IRR5/src/coords_pubsub/src/coords_pubsub.cpp:1[m[K:
[1.986s] [01m[K/usr/include/c++/11/bits/stl_iterator.h:1693:5:[m[K [01;36m[Knote: [m[Kcandidate: â€˜[01m[Ktemplate<class _IteratorL, class _IteratorR> constexpr decltype ((__x.base() - __y.base())) std::operator-(const std::move_iterator<_IteratorL>&, const std::move_iterator<_IteratorR>&)[m[Kâ€™
[1.986s]  1693 |     [01;36m[Koperator[m[K-(const move_iterator<_IteratorL>& __x,
[1.986s]       |     [01;36m[K^~~~~~~~[m[K
[1.986s] [01m[K/usr/include/c++/11/bits/stl_iterator.h:1693:5:[m[K [01;36m[Knote: [m[K  template argument deduction/substitution failed:
[1.986s] [01m[K/home/jblevins32/IRR5/src/coords_pubsub/src/coords_pubsub.cpp:65:27:[m[K [01;36m[Knote: [m[K  â€˜[01m[Knav_msgs::msg::Odometry[m[Kâ€™ {aka â€˜[01m[Knav_msgs::msg::Odometry_<std::allocator<void> >[m[Kâ€™} is not derived from â€˜[01m[Kconst std::move_iterator<_IteratorL>[m[Kâ€™
[1.986s]    65 |         if (recent_odom - [01;36m[Kcurrent_goal[m[K > goal_threshold)
[1.986s]       |                           [01;36m[K^~~~~~~~~~~~[m[K
[4.112s] gmake[2]: *** [CMakeFiles/coords_pubsub.dir/build.make:76: CMakeFiles/coords_pubsub.dir/src/coords_pubsub.cpp.o] Error 1
[4.112s] gmake[1]: *** [CMakeFiles/Makefile2:137: CMakeFiles/coords_pubsub.dir/all] Error 2
[4.113s] gmake: *** [Makefile:146: all] Error 2
[4.115s] Invoked command in '/home/jblevins32/IRR5/build/coords_pubsub' returned '2': CMAKE_PREFIX_PATH=${CMAKE_PREFIX_PATH}:/home/jblevins32/turtlebot3_ws/install/turtlebot3_teleop:/home/jblevins32/turtlebot3_ws/install/turtlebot3_example:/opt/ros/humble DEBUGINFOD_URLS=https://debuginfod.ubuntu.com /usr/bin/cmake --build /home/jblevins32/IRR5/build/coords_pubsub -- -j28 -l28
