[0.008s] Invoking command in '/home/jblevins32/IRR5/build/coords_pubsub': CMAKE_PREFIX_PATH=${CMAKE_PREFIX_PATH}:/home/jblevins32/turtlebot3_ws/install/turtlebot3_teleop:/home/jblevins32/turtlebot3_ws/install/turtlebot3_example:/opt/ros/humble DEBUGINFOD_URLS=https://debuginfod.ubuntu.com /usr/bin/cmake --build /home/jblevins32/IRR5/build/coords_pubsub -- -j28 -l28
[0.048s] [35m[1mConsolidate compiler generated dependencies of target coords_pubsub[0m
[0.067s] [ 50%] [32mBuilding CXX object CMakeFiles/coords_pubsub.dir/src/coords_pubsub.cpp.o[0m
[1.580s] [01m[K/home/jblevins32/IRR5/src/coords_pubsub/src/coords_pubsub.cpp:[m[K In member function â€˜[01m[Kvoid CoordsPubSub::coords_callback(const PointStamped&)[m[Kâ€™:
[1.580s] [01m[K/home/jblevins32/IRR5/src/coords_pubsub/src/coords_pubsub.cpp:65:25:[m[K [01;31m[Kerror: [m[Kno match for â€˜[01m[Koperator-[m[Kâ€™ (operand types are â€˜[01m[Knav_msgs::msg::Odometry[m[Kâ€™ {aka â€˜[01m[Knav_msgs::msg::Odometry_<std::allocator<void> >[m[Kâ€™} and â€˜[01m[Kgeometry_msgs::msg::PointStamped[m[Kâ€™ {aka â€˜[01m[Kgeometry_msgs::msg::PointStamped_<std::allocator<void> >[m[Kâ€™})
[1.580s]    65 |         if ([32m[Krecent_odom[m[K [01;31m[K-[m[K [34m[Kcurrent_goal[m[K > goal_threshold)
[1.580s]       |             [32m[K~~~~~~~~~~~[m[K [01;31m[K^[m[K [34m[K~~~~~~~~~~~~[m[K
[1.580s]       |             [32m[K|[m[K             [34m[K|[m[K
[1.580s]       |             [32m[K|[m[K             [34m[Kgeometry_msgs::msg::PointStamped {aka geometry_msgs::msg::PointStamped_<std::allocator<void> >}[m[K
[1.580s]       |             [32m[Knav_msgs::msg::Odometry {aka nav_msgs::msg::Odometry_<std::allocator<void> >}[m[K
[1.580s] In file included from [01m[K/usr/include/c++/11/bits/stl_algobase.h:67[m[K,
[1.580s]                  from [01m[K/usr/include/c++/11/memory:63[m[K,
[1.580s]                  from [01m[K/opt/ros/humble/include/rclcpp/rclcpp/rclcpp.hpp:153[m[K,
[1.580s]                  from [01m[K/home/jblevins32/IRR5/src/coords_pubsub/src/coords_pubsub.cpp:1[m[K:
[1.580s] [01m[K/usr/include/c++/11/bits/stl_iterator.h:577:5:[m[K [01;36m[Knote: [m[Kcandidate: â€˜[01m[Ktemplate<class _IteratorL, class _IteratorR> constexpr decltype ((__y.base() - __x.base())) std::operator-(const std::reverse_iterator<_Iterator>&, const std::reverse_iterator<_IteratorR>&)[m[Kâ€™
[1.580s]   577 |     [01;36m[Koperator[m[K-(const reverse_iterator<_IteratorL>& __x,
[1.580s]       |     [01;36m[K^~~~~~~~[m[K
[1.580s] [01m[K/usr/include/c++/11/bits/stl_iterator.h:577:5:[m[K [01;36m[Knote: [m[K  template argument deduction/substitution failed:
[1.580s] [01m[K/home/jblevins32/IRR5/src/coords_pubsub/src/coords_pubsub.cpp:65:27:[m[K [01;36m[Knote: [m[K  â€˜[01m[Knav_msgs::msg::Odometry[m[Kâ€™ {aka â€˜[01m[Knav_msgs::msg::Odometry_<std::allocator<void> >[m[Kâ€™} is not derived from â€˜[01m[Kconst std::reverse_iterator<_Iterator>[m[Kâ€™
[1.580s]    65 |         if (recent_odom - [01;36m[Kcurrent_goal[m[K > goal_threshold)
[1.580s]       |                           [01;36m[K^~~~~~~~~~~~[m[K
[1.580s] In file included from [01m[K/usr/include/c++/11/bits/stl_algobase.h:67[m[K,
[1.580s]                  from [01m[K/usr/include/c++/11/memory:63[m[K,
[1.580s]                  from [01m[K/opt/ros/humble/include/rclcpp/rclcpp/rclcpp.hpp:153[m[K,
[1.580s]                  from [01m[K/home/jblevins32/IRR5/src/coords_pubsub/src/coords_pubsub.cpp:1[m[K:
[1.580s] [01m[K/usr/include/c++/11/bits/stl_iterator.h:1693:5:[m[K [01;36m[Knote: [m[Kcandidate: â€˜[01m[Ktemplate<class _IteratorL, class _IteratorR> constexpr decltype ((__x.base() - __y.base())) std::operator-(const std::move_iterator<_IteratorL>&, const std::move_iterator<_IteratorR>&)[m[Kâ€™
[1.580s]  1693 |     [01;36m[Koperator[m[K-(const move_iterator<_IteratorL>& __x,
[1.580s]       |     [01;36m[K^~~~~~~~[m[K
[1.580s] [01m[K/usr/include/c++/11/bits/stl_iterator.h:1693:5:[m[K [01;36m[Knote: [m[K  template argument deduction/substitution failed:
[1.580s] [01m[K/home/jblevins32/IRR5/src/coords_pubsub/src/coords_pubsub.cpp:65:27:[m[K [01;36m[Knote: [m[K  â€˜[01m[Knav_msgs::msg::Odometry[m[Kâ€™ {aka â€˜[01m[Knav_msgs::msg::Odometry_<std::allocator<void> >[m[Kâ€™} is not derived from â€˜[01m[Kconst std::move_iterator<_IteratorL>[m[Kâ€™
[1.580s]    65 |         if (recent_odom - [01;36m[Kcurrent_goal[m[K > goal_threshold)
[1.580s]       |                           [01;36m[K^~~~~~~~~~~~[m[K
[3.667s] gmake[2]: *** [CMakeFiles/coords_pubsub.dir/build.make:76: CMakeFiles/coords_pubsub.dir/src/coords_pubsub.cpp.o] Error 1
[3.667s] gmake[1]: *** [CMakeFiles/Makefile2:137: CMakeFiles/coords_pubsub.dir/all] Error 2
[3.667s] gmake: *** [Makefile:146: all] Error 2
[3.670s] Invoked command in '/home/jblevins32/IRR5/build/coords_pubsub' returned '2': CMAKE_PREFIX_PATH=${CMAKE_PREFIX_PATH}:/home/jblevins32/turtlebot3_ws/install/turtlebot3_teleop:/home/jblevins32/turtlebot3_ws/install/turtlebot3_example:/opt/ros/humble DEBUGINFOD_URLS=https://debuginfod.ubuntu.com /usr/bin/cmake --build /home/jblevins32/IRR5/build/coords_pubsub -- -j28 -l28
